Determining if the pthread_create exist failed with the following output:
Change Dir: /pytorch_quantization/quantization/lib/CMakeFiles/CMakeTmp

Run Build Command:"/usr/bin/make" "cmTC_05aaf/fast"
/usr/bin/make -f CMakeFiles/cmTC_05aaf.dir/build.make CMakeFiles/cmTC_05aaf.dir/build
make[1]: Entering directory '/pytorch_quantization/quantization/lib/CMakeFiles/CMakeTmp'
Building C object CMakeFiles/cmTC_05aaf.dir/CheckSymbolExists.c.o
/usr/bin/cc   -fPIC    -o CMakeFiles/cmTC_05aaf.dir/CheckSymbolExists.c.o   -c /pytorch_quantization/quantization/lib/CMakeFiles/CMakeTmp/CheckSymbolExists.c
Linking C executable cmTC_05aaf
/opt/conda/bin/cmake -E cmake_link_script CMakeFiles/cmTC_05aaf.dir/link.txt --verbose=1
/usr/bin/cc -fPIC     -rdynamic CMakeFiles/cmTC_05aaf.dir/CheckSymbolExists.c.o  -o cmTC_05aaf 
CMakeFiles/cmTC_05aaf.dir/CheckSymbolExists.c.o: In function `main':
CheckSymbolExists.c:(.text+0x1b): undefined reference to `pthread_create'
collect2: error: ld returned 1 exit status
CMakeFiles/cmTC_05aaf.dir/build.make:86: recipe for target 'cmTC_05aaf' failed
make[1]: *** [cmTC_05aaf] Error 1
make[1]: Leaving directory '/pytorch_quantization/quantization/lib/CMakeFiles/CMakeTmp'
Makefile:126: recipe for target 'cmTC_05aaf/fast' failed
make: *** [cmTC_05aaf/fast] Error 2

File /pytorch_quantization/quantization/lib/CMakeFiles/CMakeTmp/CheckSymbolExists.c:
/* */
#include <pthread.h>

int main(int argc, char** argv)
{
  (void)argv;
#ifndef pthread_create
  return ((int*)(&pthread_create))[argc];
#else
  (void)argc;
  return 0;
#endif
}

Determining if the function pthread_create exists in the pthreads failed with the following output:
Change Dir: /pytorch_quantization/quantization/lib/CMakeFiles/CMakeTmp

Run Build Command:"/usr/bin/make" "cmTC_3e4b6/fast"
/usr/bin/make -f CMakeFiles/cmTC_3e4b6.dir/build.make CMakeFiles/cmTC_3e4b6.dir/build
make[1]: Entering directory '/pytorch_quantization/quantization/lib/CMakeFiles/CMakeTmp'
Building C object CMakeFiles/cmTC_3e4b6.dir/CheckFunctionExists.c.o
/usr/bin/cc   -fPIC -DCHECK_FUNCTION_EXISTS=pthread_create   -o CMakeFiles/cmTC_3e4b6.dir/CheckFunctionExists.c.o   -c /opt/conda/share/cmake-3.11/Modules/CheckFunctionExists.c
Linking C executable cmTC_3e4b6
/opt/conda/bin/cmake -E cmake_link_script CMakeFiles/cmTC_3e4b6.dir/link.txt --verbose=1
/usr/bin/cc -fPIC -DCHECK_FUNCTION_EXISTS=pthread_create    -rdynamic CMakeFiles/cmTC_3e4b6.dir/CheckFunctionExists.c.o  -o cmTC_3e4b6 -lpthreads 
/usr/bin/ld: cannot find -lpthreads
collect2: error: ld returned 1 exit status
CMakeFiles/cmTC_3e4b6.dir/build.make:86: recipe for target 'cmTC_3e4b6' failed
make[1]: *** [cmTC_3e4b6] Error 1
make[1]: Leaving directory '/pytorch_quantization/quantization/lib/CMakeFiles/CMakeTmp'
Makefile:126: recipe for target 'cmTC_3e4b6/fast' failed
make: *** [cmTC_3e4b6/fast] Error 2


