[2025-03-20 09:49:12,973] [INFO] [real_accelerator.py:222:get_accelerator] Setting ds_accelerator to cuda (auto detect)
Warning: The cache directory for DeepSpeed Triton autotune, /home/pmonteag/.triton/autotune, appears to be on an NFS system. While this is generally acceptable, if you experience slowdowns or hanging when DeepSpeed exits, it is recommended to set the TRITON_CACHE_DIR environment variable to a non-NFS path.
Model loading...
Model loaded.
Data loaded.
Float model eval...
{0: 16111160217.599998, 'cpu': 75160246784.0}
{'': 538060160, 'model': 538060160, 'model.embed_tokens': 113246208, 'model.embed_tokens.weight': 113246208, 'model.layers': 424811520, 'model.layers.0': 14160384, 'model.layers.1': 14160384, 'model.layers.2': 14160384, 'model.layers.3': 14160384, 'model.layers.4': 14160384, 'model.layers.5': 14160384, 'model.layers.6': 14160384, 'model.layers.7': 14160384, 'model.layers.8': 14160384, 'model.layers.9': 14160384, 'model.layers.10': 14160384, 'model.layers.11': 14160384, 'model.layers.12': 14160384, 'model.layers.13': 14160384, 'model.layers.14': 14160384, 'model.layers.15': 14160384, 'model.layers.16': 14160384, 'model.layers.17': 14160384, 'model.layers.18': 14160384, 'model.layers.19': 14160384, 'model.layers.20': 14160384, 'model.layers.21': 14160384, 'model.layers.22': 14160384, 'model.layers.23': 14160384, 'model.layers.24': 14160384, 'model.layers.25': 14160384, 'model.layers.26': 14160384, 'model.layers.27': 14160384, 'model.layers.28': 14160384, 'model.layers.29': 14160384, 'model.norm': 2304, 'model.norm.weight': 2304, 'model.rotary_emb': 128, 'model.rotary_emb.inv_freq': 128}
Float perplexity (wikitext2): 13.739
Applying model quantization...
Model quantization applied.
{0: 16068588031.999998, 'cpu': 74189378457.59999}
{'': 656250032, 'model': 543003824, 'model.embed_tokens': 114573312, 'model.embed_tokens.parametrizations': 114573312, 'model.layers': 428428080, 'model.layers.0': 14280936, 'model.layers.1': 14280936, 'model.layers.2': 14280936, 'model.layers.3': 14280936, 'model.layers.4': 14280936, 'model.layers.5': 14280936, 'model.layers.6': 14280936, 'model.layers.7': 14280936, 'model.layers.8': 14280936, 'model.layers.9': 14280936, 'model.layers.10': 14280936, 'model.layers.11': 14280936, 'model.layers.12': 14280936, 'model.layers.13': 14280936, 'model.layers.14': 14280936, 'model.layers.15': 14280936, 'model.layers.16': 14280936, 'model.layers.17': 14280936, 'model.layers.18': 14280936, 'model.layers.19': 14280936, 'model.layers.20': 14280936, 'model.layers.21': 14280936, 'model.layers.22': 14280936, 'model.layers.23': 14280936, 'model.layers.24': 14280936, 'model.layers.25': 14280936, 'model.layers.26': 14280936, 'model.layers.27': 14280936, 'model.layers.28': 14280936, 'model.layers.29': 14280936, 'model.norm': 2304, 'model.norm.weight': 2304, 'lm_head': 113246208, 'lm_head.parametrizations': 113246208, 'lm_head.parametrizations.weight': 113246208, 'model.rotary_emb': 128, 'model.rotary_emb.inv_freq': 128}
{'loss': 5.8503, 'grad_norm': 26.107616424560547, 'learning_rate': 2.9265847744427305, 'epoch': 0.1}
{'loss': 4.5362, 'grad_norm': 16.53289222717285, 'learning_rate': 2.713525491562421, 'epoch': 0.2}
{'loss': 4.1226, 'grad_norm': 14.563199043273926, 'learning_rate': 2.3816778784387096, 'epoch': 0.3}
{'loss': 4.0202, 'grad_norm': 13.369874000549316, 'learning_rate': 1.9635254915624212, 'epoch': 0.4}
{'loss': 3.9063, 'grad_norm': 8.379860877990723, 'learning_rate': 1.5, 'epoch': 0.5}
{'loss': 3.8333, 'grad_norm': 7.199548721313477, 'learning_rate': 1.036474508437579, 'epoch': 0.6}
{'loss': 3.7805, 'grad_norm': 6.236564636230469, 'learning_rate': 0.6183221215612904, 'epoch': 0.7}
{'loss': 3.7828, 'grad_norm': 5.562204837799072, 'learning_rate': 0.286474508437579, 'epoch': 0.8}
{'loss': 3.7566, 'grad_norm': 5.1488165855407715, 'learning_rate': 0.0734152255572697, 'epoch': 0.9}
{'loss': 3.7162, 'grad_norm': 4.898191928863525, 'learning_rate': 0.0, 'epoch': 1.0}
{'train_runtime': 570.2036, 'train_samples_per_second': 1.403, 'train_steps_per_second': 0.175, 'train_loss': 4.1304865646362305, 'epoch': 1.0}
{0: 16021611827.199999, 'cpu': 74474438348.79999}
{'': 656250032, 'model': 543003824, 'model.embed_tokens': 114573312, 'model.embed_tokens.parametrizations': 114573312, 'model.layers': 428428080, 'model.layers.0': 14280936, 'model.layers.1': 14280936, 'model.layers.2': 14280936, 'model.layers.3': 14280936, 'model.layers.4': 14280936, 'model.layers.5': 14280936, 'model.layers.6': 14280936, 'model.layers.7': 14280936, 'model.layers.8': 14280936, 'model.layers.9': 14280936, 'model.layers.10': 14280936, 'model.layers.11': 14280936, 'model.layers.12': 14280936, 'model.layers.13': 14280936, 'model.layers.14': 14280936, 'model.layers.15': 14280936, 'model.layers.16': 14280936, 'model.layers.17': 14280936, 'model.layers.18': 14280936, 'model.layers.19': 14280936, 'model.layers.20': 14280936, 'model.layers.21': 14280936, 'model.layers.22': 14280936, 'model.layers.23': 14280936, 'model.layers.24': 14280936, 'model.layers.25': 14280936, 'model.layers.26': 14280936, 'model.layers.27': 14280936, 'model.layers.28': 14280936, 'model.layers.29': 14280936, 'model.norm': 2304, 'model.norm.weight': 2304, 'lm_head': 113246208, 'lm_head.parametrizations': 113246208, 'lm_head.parametrizations.weight': 113246208, 'model.rotary_emb': 128, 'model.rotary_emb.inv_freq': 128}
Model eval...
Quantized perplexity (wikitext2): 35.687
