Model loading...
Model loaded.
Data loaded.
Float model eval...
{0: 14973455257.599998, 'cpu': 71020448665.59999}
{'': 538060160, 'model': 538060160, 'model.embed_tokens': 113246208, 'model.embed_tokens.weight': 113246208, 'model.layers': 424811520, 'model.layers.0': 14160384, 'model.layers.1': 14160384, 'model.layers.2': 14160384, 'model.layers.3': 14160384, 'model.layers.4': 14160384, 'model.layers.5': 14160384, 'model.layers.6': 14160384, 'model.layers.7': 14160384, 'model.layers.8': 14160384, 'model.layers.9': 14160384, 'model.layers.10': 14160384, 'model.layers.11': 14160384, 'model.layers.12': 14160384, 'model.layers.13': 14160384, 'model.layers.14': 14160384, 'model.layers.15': 14160384, 'model.layers.16': 14160384, 'model.layers.17': 14160384, 'model.layers.18': 14160384, 'model.layers.19': 14160384, 'model.layers.20': 14160384, 'model.layers.21': 14160384, 'model.layers.22': 14160384, 'model.layers.23': 14160384, 'model.layers.24': 14160384, 'model.layers.25': 14160384, 'model.layers.26': 14160384, 'model.layers.27': 14160384, 'model.layers.28': 14160384, 'model.layers.29': 14160384, 'model.norm': 2304, 'model.norm.weight': 2304, 'model.rotary_emb': 128, 'model.rotary_emb.inv_freq': 128}
Float perplexity (wikitext2): 13.739
Applying model quantization...
Model quantization applied.
{0: 15212740300.8, 'cpu': 71045573939.2}
{'': 656250032, 'model': 543003824, 'model.embed_tokens': 114573312, 'model.embed_tokens.parametrizations': 114573312, 'model.layers': 428428080, 'model.layers.0': 14280936, 'model.layers.1': 14280936, 'model.layers.2': 14280936, 'model.layers.3': 14280936, 'model.layers.4': 14280936, 'model.layers.5': 14280936, 'model.layers.6': 14280936, 'model.layers.7': 14280936, 'model.layers.8': 14280936, 'model.layers.9': 14280936, 'model.layers.10': 14280936, 'model.layers.11': 14280936, 'model.layers.12': 14280936, 'model.layers.13': 14280936, 'model.layers.14': 14280936, 'model.layers.15': 14280936, 'model.layers.16': 14280936, 'model.layers.17': 14280936, 'model.layers.18': 14280936, 'model.layers.19': 14280936, 'model.layers.20': 14280936, 'model.layers.21': 14280936, 'model.layers.22': 14280936, 'model.layers.23': 14280936, 'model.layers.24': 14280936, 'model.layers.25': 14280936, 'model.layers.26': 14280936, 'model.layers.27': 14280936, 'model.layers.28': 14280936, 'model.layers.29': 14280936, 'model.norm': 2304, 'model.norm.weight': 2304, 'lm_head': 113246208, 'lm_head.parametrizations': 113246208, 'lm_head.parametrizations.weight': 113246208, 'model.rotary_emb': 128, 'model.rotary_emb.inv_freq': 128}
{'loss': 5.8227, 'grad_norm': 23.615798950195312, 'learning_rate': 0.4877641290737884, 'epoch': 0.1}
{'loss': 4.5375, 'grad_norm': 12.913331031799316, 'learning_rate': 0.45225424859373686, 'epoch': 0.2}
{'loss': 4.022, 'grad_norm': 10.56298828125, 'learning_rate': 0.3969463130731183, 'epoch': 0.3}
{'loss': 3.9264, 'grad_norm': 8.65454387664795, 'learning_rate': 0.32725424859373686, 'epoch': 0.4}
{'loss': 3.7963, 'grad_norm': 8.164525985717773, 'learning_rate': 0.25, 'epoch': 0.5}
{'loss': 3.7259, 'grad_norm': 8.707823753356934, 'learning_rate': 0.17274575140626316, 'epoch': 0.6}
{'loss': 3.7069, 'grad_norm': 7.692683696746826, 'learning_rate': 0.10305368692688174, 'epoch': 0.7}
{'loss': 3.7314, 'grad_norm': 7.436905384063721, 'learning_rate': 0.047745751406263165, 'epoch': 0.8}
{'loss': 3.7212, 'grad_norm': 7.457986354827881, 'learning_rate': 0.012235870926211617, 'epoch': 0.9}
{'loss': 3.6969, 'grad_norm': 6.982323169708252, 'learning_rate': 0.0, 'epoch': 1.0}
{'train_runtime': 787.9961, 'train_samples_per_second': 1.015, 'train_steps_per_second': 0.127, 'train_loss': 4.068725624084473, 'epoch': 1.0}
{0: 15212740300.8, 'cpu': 69507822899.2}
{'': 656250032, 'model': 543003824, 'model.embed_tokens': 114573312, 'model.embed_tokens.parametrizations': 114573312, 'model.layers': 428428080, 'model.layers.0': 14280936, 'model.layers.1': 14280936, 'model.layers.2': 14280936, 'model.layers.3': 14280936, 'model.layers.4': 14280936, 'model.layers.5': 14280936, 'model.layers.6': 14280936, 'model.layers.7': 14280936, 'model.layers.8': 14280936, 'model.layers.9': 14280936, 'model.layers.10': 14280936, 'model.layers.11': 14280936, 'model.layers.12': 14280936, 'model.layers.13': 14280936, 'model.layers.14': 14280936, 'model.layers.15': 14280936, 'model.layers.16': 14280936, 'model.layers.17': 14280936, 'model.layers.18': 14280936, 'model.layers.19': 14280936, 'model.layers.20': 14280936, 'model.layers.21': 14280936, 'model.layers.22': 14280936, 'model.layers.23': 14280936, 'model.layers.24': 14280936, 'model.layers.25': 14280936, 'model.layers.26': 14280936, 'model.layers.27': 14280936, 'model.layers.28': 14280936, 'model.layers.29': 14280936, 'model.norm': 2304, 'model.norm.weight': 2304, 'lm_head': 113246208, 'lm_head.parametrizations': 113246208, 'lm_head.parametrizations.weight': 113246208, 'model.rotary_emb': 128, 'model.rotary_emb.inv_freq': 128}
Model eval...
Quantized perplexity (wikitext2): 48.002
