Model loading...
Model loaded.
Data loaded.
Float model eval...
Float perplexity (wikitext2): 8.781
Applying model quantization...
Model quantization applied.
{'loss': 3.2944, 'grad_norm': 5.342992305755615, 'learning_rate': 1.4632923872213652, 'epoch': 0.1}
{'loss': 2.902, 'grad_norm': 4.316863536834717, 'learning_rate': 1.3567627457812106, 'epoch': 0.2}
{'loss': 2.8335, 'grad_norm': 3.575911521911621, 'learning_rate': 1.1908389392193548, 'epoch': 0.3}
{'loss': 2.7393, 'grad_norm': 3.0790936946868896, 'learning_rate': 0.9817627457812106, 'epoch': 0.4}
{'loss': 2.6384, 'grad_norm': 3.4606330394744873, 'learning_rate': 0.75, 'epoch': 0.5}
{'loss': 2.7493, 'grad_norm': 3.1457152366638184, 'learning_rate': 0.5182372542187895, 'epoch': 0.6}
{'loss': 2.6847, 'grad_norm': 3.04803729057312, 'learning_rate': 0.3091610607806452, 'epoch': 0.7}
{'loss': 2.6818, 'grad_norm': 2.968183755874634, 'learning_rate': 0.1432372542187895, 'epoch': 0.8}
{'loss': 2.6842, 'grad_norm': 2.887892246246338, 'learning_rate': 0.03670761277863485, 'epoch': 0.9}
{'loss': 2.669, 'grad_norm': 2.991178035736084, 'learning_rate': 0.0, 'epoch': 1.0}
{'train_runtime': 2795.6828, 'train_samples_per_second': 0.286, 'train_steps_per_second': 0.036, 'train_loss': 2.787648906707764, 'epoch': 1.0}
Model eval...
Quantized perplexity (wikitext2): 13.086
Few shot eval results
{'arc_challenge_acc,none': 0.2551194539249147,
 'arc_challenge_acc_norm,none': 0.2909556313993174,
 'arc_challenge_acc_norm_stderr,none': 0.013273077865907585,
 'arc_challenge_acc_stderr,none': 0.012739038695202107,
 'arc_easy_acc,none': 0.42845117845117847,
 'arc_easy_acc_norm,none': 0.39057239057239057,
 'arc_easy_acc_norm_stderr,none': 0.010011059112064251,
 'arc_easy_acc_stderr,none': 0.010154195733990961,
 'piqa_acc,none': 0.6463547334058759,
 'piqa_acc_norm,none': 0.6213275299238302,
 'piqa_acc_norm_stderr,none': 0.011317163404516854,
 'piqa_acc_stderr,none': 0.011154877708188675,
 'winogrande_acc,none': 0.5619573796369376,
 'winogrande_acc_stderr,none': 0.013944181296470804}
