Model loading...
Model loaded.
Data loaded.
Float model eval...
{0: 14973455257.599998, 'cpu': 69257639628.8}
{'': 538060160, 'model': 538060160, 'model.embed_tokens': 113246208, 'model.embed_tokens.weight': 113246208, 'model.layers': 424811520, 'model.layers.0': 14160384, 'model.layers.1': 14160384, 'model.layers.2': 14160384, 'model.layers.3': 14160384, 'model.layers.4': 14160384, 'model.layers.5': 14160384, 'model.layers.6': 14160384, 'model.layers.7': 14160384, 'model.layers.8': 14160384, 'model.layers.9': 14160384, 'model.layers.10': 14160384, 'model.layers.11': 14160384, 'model.layers.12': 14160384, 'model.layers.13': 14160384, 'model.layers.14': 14160384, 'model.layers.15': 14160384, 'model.layers.16': 14160384, 'model.layers.17': 14160384, 'model.layers.18': 14160384, 'model.layers.19': 14160384, 'model.layers.20': 14160384, 'model.layers.21': 14160384, 'model.layers.22': 14160384, 'model.layers.23': 14160384, 'model.layers.24': 14160384, 'model.layers.25': 14160384, 'model.layers.26': 14160384, 'model.layers.27': 14160384, 'model.layers.28': 14160384, 'model.layers.29': 14160384, 'model.norm': 2304, 'model.norm.weight': 2304, 'model.rotary_emb': 128, 'model.rotary_emb.inv_freq': 128}
Float perplexity (wikitext2): 13.739
Applying model quantization...
Model quantization applied.
{0: 15184848179.199999, 'cpu': 69279152230.4}
{'': 656250032, 'model': 543003824, 'model.embed_tokens': 114573312, 'model.embed_tokens.parametrizations': 114573312, 'model.layers': 428428080, 'model.layers.0': 14280936, 'model.layers.1': 14280936, 'model.layers.2': 14280936, 'model.layers.3': 14280936, 'model.layers.4': 14280936, 'model.layers.5': 14280936, 'model.layers.6': 14280936, 'model.layers.7': 14280936, 'model.layers.8': 14280936, 'model.layers.9': 14280936, 'model.layers.10': 14280936, 'model.layers.11': 14280936, 'model.layers.12': 14280936, 'model.layers.13': 14280936, 'model.layers.14': 14280936, 'model.layers.15': 14280936, 'model.layers.16': 14280936, 'model.layers.17': 14280936, 'model.layers.18': 14280936, 'model.layers.19': 14280936, 'model.layers.20': 14280936, 'model.layers.21': 14280936, 'model.layers.22': 14280936, 'model.layers.23': 14280936, 'model.layers.24': 14280936, 'model.layers.25': 14280936, 'model.layers.26': 14280936, 'model.layers.27': 14280936, 'model.layers.28': 14280936, 'model.layers.29': 14280936, 'model.norm': 2304, 'model.norm.weight': 2304, 'lm_head': 113246208, 'lm_head.parametrizations': 113246208, 'lm_head.parametrizations.weight': 113246208, 'model.rotary_emb': 128, 'model.rotary_emb.inv_freq': 128}
{'loss': 2.5447, 'grad_norm': 16.612817764282227, 'learning_rate': 0.09755282581475769, 'epoch': 0.1}
{'loss': 2.1391, 'grad_norm': 10.728654861450195, 'learning_rate': 0.09045084971874738, 'epoch': 0.2}
{'loss': 1.9592, 'grad_norm': 9.683722496032715, 'learning_rate': 0.07938926261462366, 'epoch': 0.3}
{'loss': 1.88, 'grad_norm': 8.52929401397705, 'learning_rate': 0.06545084971874737, 'epoch': 0.4}
{'loss': 1.8206, 'grad_norm': 7.956781387329102, 'learning_rate': 0.05, 'epoch': 0.5}
{'loss': 1.7616, 'grad_norm': 7.755013465881348, 'learning_rate': 0.03454915028125263, 'epoch': 0.6}
{'loss': 1.7077, 'grad_norm': 7.287721157073975, 'learning_rate': 0.02061073738537635, 'epoch': 0.7}
{'loss': 1.7052, 'grad_norm': 7.992763519287109, 'learning_rate': 0.009549150281252633, 'epoch': 0.8}
{'loss': 1.6962, 'grad_norm': 7.327450275421143, 'learning_rate': 0.0024471741852423235, 'epoch': 0.9}
{'loss': 1.7001, 'grad_norm': 7.456364631652832, 'learning_rate': 0.0, 'epoch': 1.0}
{'train_runtime': 806.1879, 'train_samples_per_second': 0.992, 'train_steps_per_second': 0.124, 'train_loss': 1.8914483642578126, 'epoch': 1.0}
{0: 15184848179.199999, 'cpu': 69202050355.2}
{'': 656250032, 'model': 543003824, 'model.embed_tokens': 114573312, 'model.embed_tokens.parametrizations': 114573312, 'model.layers': 428428080, 'model.layers.0': 14280936, 'model.layers.1': 14280936, 'model.layers.2': 14280936, 'model.layers.3': 14280936, 'model.layers.4': 14280936, 'model.layers.5': 14280936, 'model.layers.6': 14280936, 'model.layers.7': 14280936, 'model.layers.8': 14280936, 'model.layers.9': 14280936, 'model.layers.10': 14280936, 'model.layers.11': 14280936, 'model.layers.12': 14280936, 'model.layers.13': 14280936, 'model.layers.14': 14280936, 'model.layers.15': 14280936, 'model.layers.16': 14280936, 'model.layers.17': 14280936, 'model.layers.18': 14280936, 'model.layers.19': 14280936, 'model.layers.20': 14280936, 'model.layers.21': 14280936, 'model.layers.22': 14280936, 'model.layers.23': 14280936, 'model.layers.24': 14280936, 'model.layers.25': 14280936, 'model.layers.26': 14280936, 'model.layers.27': 14280936, 'model.layers.28': 14280936, 'model.layers.29': 14280936, 'model.norm': 2304, 'model.norm.weight': 2304, 'lm_head': 113246208, 'lm_head.parametrizations': 113246208, 'lm_head.parametrizations.weight': 113246208, 'model.rotary_emb': 128, 'model.rotary_emb.inv_freq': 128}
Model eval...
Quantized perplexity (wikitext2): 155.257
