Model loading...
Model loaded.
Data loaded.
Float model eval...
Float perplexity (wikitext2): 8.781
Applying model quantization...
Model quantization applied.
{'loss': 3.5523, 'grad_norm': 10.055588722229004, 'learning_rate': 0.09755282581475769, 'epoch': 0.1}
{'loss': 3.0833, 'grad_norm': 5.993213176727295, 'learning_rate': 0.09045084971874738, 'epoch': 0.2}
{'loss': 2.9857, 'grad_norm': 6.973614692687988, 'learning_rate': 0.07938926261462366, 'epoch': 0.3}
{'loss': 2.8249, 'grad_norm': 5.092652797698975, 'learning_rate': 0.06545084971874737, 'epoch': 0.4}
{'loss': 2.6887, 'grad_norm': 5.194877624511719, 'learning_rate': 0.05, 'epoch': 0.5}
{'loss': 2.7753, 'grad_norm': 3.9772515296936035, 'learning_rate': 0.03454915028125263, 'epoch': 0.6}
{'loss': 2.6829, 'grad_norm': 3.0506339073181152, 'learning_rate': 0.02061073738537635, 'epoch': 0.7}
{'loss': 2.6661, 'grad_norm': 2.7466695308685303, 'learning_rate': 0.009549150281252633, 'epoch': 0.8}
{'loss': 2.6608, 'grad_norm': 2.516416311264038, 'learning_rate': 0.0024471741852423235, 'epoch': 0.9}
{'loss': 2.6486, 'grad_norm': 2.5891876220703125, 'learning_rate': 0.0, 'epoch': 1.0}
{'train_runtime': 2816.1089, 'train_samples_per_second': 0.284, 'train_steps_per_second': 0.036, 'train_loss': 2.856863079071045, 'epoch': 1.0}
Model eval...
Quantized perplexity (wikitext2): 12.917
Few shot eval results
{'arc_challenge_acc,none': 0.25426621160409557,
 'arc_challenge_acc_norm,none': 0.28754266211604096,
 'arc_challenge_acc_norm_stderr,none': 0.013226719056266129,
 'arc_challenge_acc_stderr,none': 0.012724999945157746,
 'arc_easy_acc,none': 0.4246632996632997,
 'arc_easy_acc_norm,none': 0.3939393939393939,
 'arc_easy_acc_norm_stderr,none': 0.010026305355981804,
 'arc_easy_acc_stderr,none': 0.010142653687480423,
 'piqa_acc,none': 0.6398258977149075,
 'piqa_acc_norm,none': 0.6147986942328618,
 'piqa_acc_norm_stderr,none': 0.011354179751257073,
 'piqa_acc_stderr,none': 0.01120037517666747,
 'winogrande_acc,none': 0.5438042620363063,
 'winogrande_acc_stderr,none': 0.013998453610924319}
