Model loading...
Model loaded.
Data loaded.
Float model eval...
{0: 14983731302.4, 'cpu': 68506588057.6}
{'': 538060160, 'model': 538060160, 'model.embed_tokens': 113246208, 'model.embed_tokens.weight': 113246208, 'model.layers': 424811520, 'model.layers.0': 14160384, 'model.layers.1': 14160384, 'model.layers.2': 14160384, 'model.layers.3': 14160384, 'model.layers.4': 14160384, 'model.layers.5': 14160384, 'model.layers.6': 14160384, 'model.layers.7': 14160384, 'model.layers.8': 14160384, 'model.layers.9': 14160384, 'model.layers.10': 14160384, 'model.layers.11': 14160384, 'model.layers.12': 14160384, 'model.layers.13': 14160384, 'model.layers.14': 14160384, 'model.layers.15': 14160384, 'model.layers.16': 14160384, 'model.layers.17': 14160384, 'model.layers.18': 14160384, 'model.layers.19': 14160384, 'model.layers.20': 14160384, 'model.layers.21': 14160384, 'model.layers.22': 14160384, 'model.layers.23': 14160384, 'model.layers.24': 14160384, 'model.layers.25': 14160384, 'model.layers.26': 14160384, 'model.layers.27': 14160384, 'model.layers.28': 14160384, 'model.layers.29': 14160384, 'model.norm': 2304, 'model.norm.weight': 2304, 'model.rotary_emb': 128, 'model.rotary_emb.inv_freq': 128}
Float perplexity (wikitext2): 13.739
Applying model quantization...
Model quantization applied.
{0: 15177508147.199999, 'cpu': 68503514419.2}
{'': 656250032, 'model': 543003824, 'model.embed_tokens': 114573312, 'model.embed_tokens.parametrizations': 114573312, 'model.layers': 428428080, 'model.layers.0': 14280936, 'model.layers.1': 14280936, 'model.layers.2': 14280936, 'model.layers.3': 14280936, 'model.layers.4': 14280936, 'model.layers.5': 14280936, 'model.layers.6': 14280936, 'model.layers.7': 14280936, 'model.layers.8': 14280936, 'model.layers.9': 14280936, 'model.layers.10': 14280936, 'model.layers.11': 14280936, 'model.layers.12': 14280936, 'model.layers.13': 14280936, 'model.layers.14': 14280936, 'model.layers.15': 14280936, 'model.layers.16': 14280936, 'model.layers.17': 14280936, 'model.layers.18': 14280936, 'model.layers.19': 14280936, 'model.layers.20': 14280936, 'model.layers.21': 14280936, 'model.layers.22': 14280936, 'model.layers.23': 14280936, 'model.layers.24': 14280936, 'model.layers.25': 14280936, 'model.layers.26': 14280936, 'model.layers.27': 14280936, 'model.layers.28': 14280936, 'model.layers.29': 14280936, 'model.norm': 2304, 'model.norm.weight': 2304, 'lm_head': 113246208, 'lm_head.parametrizations': 113246208, 'lm_head.parametrizations.weight': 113246208, 'model.rotary_emb': 128, 'model.rotary_emb.inv_freq': 128}
{'loss': 6.4775, 'grad_norm': 46.01691818237305, 'learning_rate': 0.09755282581475769, 'epoch': 0.1}
{'loss': 5.3241, 'grad_norm': 28.034324645996094, 'learning_rate': 0.09045084971874738, 'epoch': 0.2}
{'loss': 4.8207, 'grad_norm': 26.831266403198242, 'learning_rate': 0.07938926261462366, 'epoch': 0.3}
{'loss': 4.6051, 'grad_norm': 20.707565307617188, 'learning_rate': 0.06545084971874737, 'epoch': 0.4}
{'loss': 4.4452, 'grad_norm': 20.420745849609375, 'learning_rate': 0.05, 'epoch': 0.5}
{'loss': 4.3025, 'grad_norm': 19.663253784179688, 'learning_rate': 0.03454915028125263, 'epoch': 0.6}
{'loss': 4.2093, 'grad_norm': 19.22159767150879, 'learning_rate': 0.02061073738537635, 'epoch': 0.7}
{'loss': 4.1468, 'grad_norm': 20.953786849975586, 'learning_rate': 0.009549150281252633, 'epoch': 0.8}
{'loss': 4.134, 'grad_norm': 17.435115814208984, 'learning_rate': 0.0024471741852423235, 'epoch': 0.9}
{'loss': 4.1562, 'grad_norm': 20.779945373535156, 'learning_rate': 0.0, 'epoch': 1.0}
{'train_runtime': 793.4884, 'train_samples_per_second': 1.008, 'train_steps_per_second': 0.126, 'train_loss': 4.6621216201782225, 'epoch': 1.0}
{0: 15177508147.199999, 'cpu': 69438083993.59999}
{'': 656250032, 'model': 543003824, 'model.embed_tokens': 114573312, 'model.embed_tokens.parametrizations': 114573312, 'model.layers': 428428080, 'model.layers.0': 14280936, 'model.layers.1': 14280936, 'model.layers.2': 14280936, 'model.layers.3': 14280936, 'model.layers.4': 14280936, 'model.layers.5': 14280936, 'model.layers.6': 14280936, 'model.layers.7': 14280936, 'model.layers.8': 14280936, 'model.layers.9': 14280936, 'model.layers.10': 14280936, 'model.layers.11': 14280936, 'model.layers.12': 14280936, 'model.layers.13': 14280936, 'model.layers.14': 14280936, 'model.layers.15': 14280936, 'model.layers.16': 14280936, 'model.layers.17': 14280936, 'model.layers.18': 14280936, 'model.layers.19': 14280936, 'model.layers.20': 14280936, 'model.layers.21': 14280936, 'model.layers.22': 14280936, 'model.layers.23': 14280936, 'model.layers.24': 14280936, 'model.layers.25': 14280936, 'model.layers.26': 14280936, 'model.layers.27': 14280936, 'model.layers.28': 14280936, 'model.layers.29': 14280936, 'model.norm': 2304, 'model.norm.weight': 2304, 'lm_head': 113246208, 'lm_head.parametrizations': 113246208, 'lm_head.parametrizations.weight': 113246208, 'model.rotary_emb': 128, 'model.rotary_emb.inv_freq': 128}
Model eval...
Quantized perplexity (wikitext2): 160.312
